<?xml version="1.0" encoding="UTF-8"?>
<!-- Generated by org.testng.reporters.JUnitReportReporter -->
<testsuite skipped="0" hostname="hpindia" name="com.testautomationguru.container.test.BaseTest" tests="1" failures="0" timestamp="01 Dec 2019 14:31:51 GMT" time="24.786" errors="0">
  <testcase name="testApp" time="24.786" classname="com.testautomationguru.container.test.BaseTest"/>
</testsuite> <!-- com.testautomationguru.container.test.BaseTest -->
