<?xml version="1.0" encoding="UTF-8"?>
<!-- Generated by org.testng.reporters.JUnitReportReporter -->
<testsuite skipped="12" hostname="hpindia" name="com.testautomationguru.container.test.OrderTest" tests="12" failures="0" timestamp="01 Dec 2019 13:49:27 GMT" time="0.002" errors="0">
  <testcase name="googleTest" time="0.000" classname="com.testautomationguru.container.test.OrderTest">
    <skipped/>
  </testcase> <!-- googleTest -->
  <testcase name="googleTest" time="0.000" classname="com.testautomationguru.container.test.OrderTest">
    <skipped/>
  </testcase> <!-- googleTest -->
  <testcase name="googleTest" time="0.000" classname="com.testautomationguru.container.test.OrderTest">
    <skipped/>
  </testcase> <!-- googleTest -->
  <testcase name="googleTest" time="0.000" classname="com.testautomationguru.container.test.OrderTest">
    <skipped/>
  </testcase> <!-- googleTest -->
  <testcase name="googleTest" time="0.000" classname="com.testautomationguru.container.test.OrderTest">
    <skipped/>
  </testcase> <!-- googleTest -->
  <testcase name="googleTest" time="0.001" classname="com.testautomationguru.container.test.OrderTest">
    <skipped/>
  </testcase> <!-- googleTest -->
  <testcase name="googleTest" time="0.000" classname="com.testautomationguru.container.test.OrderTest">
    <skipped/>
  </testcase> <!-- googleTest -->
  <testcase name="googleTest" time="0.000" classname="com.testautomationguru.container.test.OrderTest">
    <skipped/>
  </testcase> <!-- googleTest -->
  <testcase name="googleTest" time="0.000" classname="com.testautomationguru.container.test.OrderTest">
    <skipped/>
  </testcase> <!-- googleTest -->
  <testcase name="googleTest" time="0.000" classname="com.testautomationguru.container.test.OrderTest">
    <skipped/>
  </testcase> <!-- googleTest -->
  <testcase name="googleTest" time="0.001" classname="com.testautomationguru.container.test.OrderTest">
    <skipped/>
  </testcase> <!-- googleTest -->
  <testcase name="googleTest" time="0.000" classname="com.testautomationguru.container.test.OrderTest">
    <skipped/>
  </testcase> <!-- googleTest -->
</testsuite> <!-- com.testautomationguru.container.test.OrderTest -->
