<?xml version="1.0" encoding="UTF-8"?>
<!-- Generated by org.testng.reporters.JUnitReportReporter -->
<testsuite skipped="10" hostname="hpindia" name="com.testautomationguru.container.test.SearchTest" tests="10" failures="0" timestamp="01 Dec 2019 13:49:27 GMT" time="0.000" errors="0">
  <testcase name="googleTest" time="0.000" classname="com.testautomationguru.container.test.SearchTest">
    <skipped/>
  </testcase> <!-- googleTest -->
  <testcase name="googleTest" time="0.000" classname="com.testautomationguru.container.test.SearchTest">
    <skipped/>
  </testcase> <!-- googleTest -->
  <testcase name="googleTest" time="0.000" classname="com.testautomationguru.container.test.SearchTest">
    <skipped/>
  </testcase> <!-- googleTest -->
  <testcase name="googleTest" time="0.000" classname="com.testautomationguru.container.test.SearchTest">
    <skipped/>
  </testcase> <!-- googleTest -->
  <testcase name="googleTest" time="0.000" classname="com.testautomationguru.container.test.SearchTest">
    <skipped/>
  </testcase> <!-- googleTest -->
  <testcase name="googleTest" time="0.000" classname="com.testautomationguru.container.test.SearchTest">
    <skipped/>
  </testcase> <!-- googleTest -->
  <testcase name="googleTest" time="0.000" classname="com.testautomationguru.container.test.SearchTest">
    <skipped/>
  </testcase> <!-- googleTest -->
  <testcase name="googleTest" time="0.000" classname="com.testautomationguru.container.test.SearchTest">
    <skipped/>
  </testcase> <!-- googleTest -->
  <testcase name="googleTest" time="0.000" classname="com.testautomationguru.container.test.SearchTest">
    <skipped/>
  </testcase> <!-- googleTest -->
  <testcase name="googleTest" time="0.000" classname="com.testautomationguru.container.test.SearchTest">
    <skipped/>
  </testcase> <!-- googleTest -->
</testsuite> <!-- com.testautomationguru.container.test.SearchTest -->
